<?xml version="1.0" encoding="UTF-8"?>
<!-- Generated by org.testng.reporters.JUnitXMLReporter -->
<testsuite ignored="0" hostname="DESKTOP-KME7MFV" failures="1" tests="1" name="Vitals" time="236.036" errors="0" timestamp="02 Jan 2022 13:15:40 GMT">
  <testcase classname="mobile.Vitals" name="NegativeScenarios" time="232.394">
    <failure type="org.openqa.selenium.NoSuchElementException" message="An element could not be located on the page using the given search parameters.
For documentation on this error, please visit: https://www.seleniumhq.org/exceptions/no_such_element.html
Build info: version: &amp;apos;3.141.59&amp;apos;, revision: &amp;apos;e82be7d358&amp;apos;, time: &amp;apos;2018-11-14T08:17:03&amp;apos;
System info: host: &amp;apos;DESKTOP-KME7MFV&amp;apos;, ip: &amp;apos;172.23.160.1&amp;apos;, os.name: &amp;apos;Windows 10&amp;apos;, os.arch: &amp;apos;amd64&amp;apos;, os.version: &amp;apos;10.0&amp;apos;, java.version: &amp;apos;17&amp;apos;
Driver info: io.appium.java_client.AppiumDriver
Capabilities {app: C:\Users\Dell\Documents\nee..., appPackage: com.ateliasoftware.patients..., autoGrantPermissions: true, automationName: UiAutomator2, databaseEnabled: false, desired: {app: C:\Users\Dell\Documents\nee..., autoGrantPermissions: true, automationName: UiAutomator2, newCommandTimeout: 2000, platformName: android, platformVersion: 9, resetKeyboard: true, testdroid_testTimeout: 2200, udid: 49746197cf40, unicodeKeyboard: true}, deviceApiLevel: 25, deviceManufacturer: Xiaomi, deviceModel: Redmi 4, deviceName: 49746197cf40, deviceScreenDensity: 320, deviceScreenSize: 720x1280, deviceUDID: 49746197cf40, javascriptEnabled: true, locationContextEnabled: false, networkConnectionEnabled: true, newCommandTimeout: 2000, pixelRatio: 2, platform: LINUX, platformName: LINUX, platformVersion: 7.1.2, resetKeyboard: true, statBarHeight: 50, takesScreenshot: true, testdroid_testTimeout: 2200, udid: 49746197cf40, unicodeKeyboard: true, viewportRect: {height: 1230, left: 0, top: 50, width: 720}, warnings: {}, webStorageEnabled: false}
Session ID: 3b0d90a0-08e0-481f-8748-5d6651caa3e8
*** Element info: {Using=xpath, value=//android.view.View[@index=&amp;apos;0&amp;apos;]/android.view.View[@index=&amp;apos;1&amp;apos;]/android.view.View[@index=&amp;apos;6&amp;apos;]}">
      <![CDATA[org.openqa.selenium.NoSuchElementException: An element could not be located on the page using the given search parameters.
For documentation on this error, please visit: https://www.seleniumhq.org/exceptions/no_such_element.html
Build info: version: '3.141.59', revision: 'e82be7d358', time: '2018-11-14T08:17:03'
System info: host: 'DESKTOP-KME7MFV', ip: '172.23.160.1', os.name: 'Windows 10', os.arch: 'amd64', os.version: '10.0', java.version: '17'
Driver info: io.appium.java_client.AppiumDriver
Capabilities {app: C:\Users\Dell\Documents\nee..., appPackage: com.ateliasoftware.patients..., autoGrantPermissions: true, automationName: UiAutomator2, databaseEnabled: false, desired: {app: C:\Users\Dell\Documents\nee..., autoGrantPermissions: true, automationName: UiAutomator2, newCommandTimeout: 2000, platformName: android, platformVersion: 9, resetKeyboard: true, testdroid_testTimeout: 2200, udid: 49746197cf40, unicodeKeyboard: true}, deviceApiLevel: 25, deviceManufacturer: Xiaomi, deviceModel: Redmi 4, deviceName: 49746197cf40, deviceScreenDensity: 320, deviceScreenSize: 720x1280, deviceUDID: 49746197cf40, javascriptEnabled: true, locationContextEnabled: false, networkConnectionEnabled: true, newCommandTimeout: 2000, pixelRatio: 2, platform: LINUX, platformName: LINUX, platformVersion: 7.1.2, resetKeyboard: true, statBarHeight: 50, takesScreenshot: true, testdroid_testTimeout: 2200, udid: 49746197cf40, unicodeKeyboard: true, viewportRect: {height: 1230, left: 0, top: 50, width: 720}, warnings: {}, webStorageEnabled: false}
Session ID: 3b0d90a0-08e0-481f-8748-5d6651caa3e8
*** Element info: {Using=xpath, value=//android.view.View[@index='0']/android.view.View[@index='1']/android.view.View[@index='6']}
at org.openqa.selenium.remote.http.W3CHttpResponseCodec.createException(W3CHttpResponseCodec.java:187)
at org.openqa.selenium.remote.http.W3CHttpResponseCodec.decode(W3CHttpResponseCodec.java:122)
at org.openqa.selenium.remote.http.W3CHttpResponseCodec.decode(W3CHttpResponseCodec.java:49)
at org.openqa.selenium.remote.HttpCommandExecutor.execute(HttpCommandExecutor.java:158)
at io.appium.java_client.remote.AppiumCommandExecutor.execute(AppiumCommandExecutor.java:239)
at org.openqa.selenium.remote.RemoteWebDriver.execute(RemoteWebDriver.java:552)
at io.appium.java_client.DefaultGenericMobileDriver.execute(DefaultGenericMobileDriver.java:42)
at io.appium.java_client.AppiumDriver.execute(AppiumDriver.java:1)
at org.openqa.selenium.remote.RemoteWebDriver.findElement(RemoteWebDriver.java:323)
at io.appium.java_client.DefaultGenericMobileDriver.findElement(DefaultGenericMobileDriver.java:62)
at io.appium.java_client.AppiumDriver.findElement(AppiumDriver.java:1)
at org.openqa.selenium.remote.RemoteWebDriver.findElementByXPath(RemoteWebDriver.java:428)
at io.appium.java_client.DefaultGenericMobileDriver.findElementByXPath(DefaultGenericMobileDriver.java:152)
at io.appium.java_client.AppiumDriver.findElementByXPath(AppiumDriver.java:1)
at PageObject.MonitoringVitals.Pulse.PositivePulseVitals(Pulse.java:33)
at mobile.Vitals.NegativeScenarios(Vitals.java:60)
... Removed 30 stack frames]]>
    </failure>
  </testcase> <!-- NegativeScenarios -->
</testsuite> <!-- Vitals -->
