<?xml version="1.0" encoding="UTF-8"?>
<testng-results ignored="0" total="1" passed="1" failed="0" skipped="0">
  <reporter-output>
  </reporter-output>
  <suite started-at="2022-01-02T16:18:20Z" name="Suite" finished-at="2022-01-02T16:20:41Z" duration-ms="141517">
    <groups>
    </groups>
    <test started-at="2022-01-02T16:18:20Z" name="HealthRecords" finished-at="2022-01-02T16:20:41Z" duration-ms="141517">
      <class name="mobile.HealthRecords">
        <test-method signature="NegativeScenarios()[pri:0, instance:mobile.HealthRecords@6bc407fd]" started-at="2022-01-02T16:18:20Z" name="NegativeScenarios" finished-at="2022-01-02T16:20:41Z" duration-ms="141501" status="PASS">
          <reporter-output>
          </reporter-output>
        </test-method> <!-- NegativeScenarios -->
      </class> <!-- mobile.HealthRecords -->
    </test> <!-- HealthRecords -->
  </suite> <!-- Suite -->
</testng-results>
